build/app/intermediates/manifest_merge_blame_file/debug/manifest-merger-blame-debug-report.txt
1<?xml version="1.0" encoding="utf-8"?>
2<manifest xmlns:android="http://schemas.android.com/apk/res/android"
3    package="com.example.toeic_learning_app"
4    android:versionCode="1"
5    android:versionName="1.0.0" >
6
7    <uses-sdk
8        android:minSdkVersion="17"
9        android:targetSdkVersion="31" />
10    <!--
11         Flutter needs it to communicate with the running application
12         to allow setting breakpoints, to provide hot reload, etc.
13    -->
14    <uses-permission android:name="android.permission.INTERNET" />
14-->src\debug\AndroidManifest.xml:6:5-66
14-->src\debug\AndroidManifest.xml:6:22-64
15
16    <queries>
16-->[:flutter_inappwebview] AndroidManifest.xml:7:5-11:15
17        <intent>
17-->[:flutter_inappwebview] AndroidManifest.xml:8:9-10:18
18            <action android:name="android.support.customtabs.action.CustomTabsService" />
18-->[:flutter_inappwebview] AndroidManifest.xml:9:13-90
18-->[:flutter_inappwebview] AndroidManifest.xml:9:21-87
19        </intent>
20    </queries>
21
22    <uses-permission android:name="android.permission.RECEIVE_BOOT_COMPLETED" />
22-->[:flutter_local_notifications] AndroidManifest.xml:7:5-81
22-->[:flutter_local_notifications] AndroidManifest.xml:7:22-78
23    <uses-permission android:name="android.permission.VIBRATE" />
23-->[:flutter_local_notifications] AndroidManifest.xml:8:5-66
23-->[:flutter_local_notifications] AndroidManifest.xml:8:22-63
24    <uses-permission android:name="android.permission.USE_FULL_SCREEN_INTENT" />
24-->[:flutter_local_notifications] AndroidManifest.xml:9:5-81
24-->[:flutter_local_notifications] AndroidManifest.xml:9:22-78
25    <uses-permission android:name="android.permission.SCHEDULE_EXACT_ALARM" />
25-->[:flutter_local_notifications] AndroidManifest.xml:10:5-79
25-->[:flutter_local_notifications] AndroidManifest.xml:10:22-76
26
27    <application
28        android:name="android.app.Application"
29        android:appComponentFactory="androidx.core.app.CoreComponentFactory"
29-->[androidx.core:core:1.7.0] AndroidManifest.xml:24:18-86
30        android:debuggable="true"
31        android:icon="@mipmap/ic_launcher"
32        android:label="toeic_learning_app" >
33        <activity
34            android:name="com.example.toeic_learning_app.MainActivity"
35            android:configChanges="orientation|keyboardHidden|keyboard|screenSize|smallestScreenSize|locale|layoutDirection|fontScale|screenLayout|density|uiMode"
36            android:exported="true"
37            android:hardwareAccelerated="true"
38            android:launchMode="singleTop"
39            android:theme="@style/LaunchTheme"
40            android:windowSoftInputMode="adjustResize" >
41
42            <!--
43                 Specifies an Android theme to apply to this Activity as soon as
44                 the Android process has started. This theme is visible to the user
45                 while the Flutter UI initializes. After that, this theme continues
46                 to determine the Window background behind the Flutter UI.
47            -->
48            <meta-data
49                android:name="io.flutter.embedding.android.NormalTheme"
50                android:resource="@style/NormalTheme" />
51
52            <intent-filter>
53                <action android:name="android.intent.action.MAIN" />
54
55                <category android:name="android.intent.category.LAUNCHER" />
56            </intent-filter>
57        </activity>
58        <!--
59             Don't delete the meta-data below.
60             This is used by the Flutter tool to generate GeneratedPluginRegistrant.java
61        -->
62        <meta-data
63            android:name="flutterEmbedding"
64            android:value="2" />
65
66        <provider
66-->[:share_plus] AndroidManifest.xml:8:9-16:20
67            android:name="dev.fluttercommunity.plus.share.ShareFileProvider"
67-->[:share_plus] AndroidManifest.xml:9:13-77
68            android:authorities="com.example.toeic_learning_app.flutter.share_provider"
68-->[:share_plus] AndroidManifest.xml:10:13-74
69            android:exported="false"
69-->[:share_plus] AndroidManifest.xml:11:13-37
70            android:grantUriPermissions="true" >
70-->[:share_plus] AndroidManifest.xml:12:13-47
71            <meta-data
71-->[:share_plus] AndroidManifest.xml:13:13-15:68
72                android:name="android.support.FILE_PROVIDER_PATHS"
72-->[:share_plus] AndroidManifest.xml:14:17-67
73                android:resource="@xml/flutter_share_file_paths" />
73-->[:share_plus] AndroidManifest.xml:15:17-65
74        </provider>
75        <provider
75-->[:image_picker] AndroidManifest.xml:8:9-16:20
76            android:name="io.flutter.plugins.imagepicker.ImagePickerFileProvider"
76-->[:image_picker] AndroidManifest.xml:9:13-82
77            android:authorities="com.example.toeic_learning_app.flutter.image_provider"
77-->[:image_picker] AndroidManifest.xml:10:13-74
78            android:exported="false"
78-->[:image_picker] AndroidManifest.xml:11:13-37
79            android:grantUriPermissions="true" >
79-->[:image_picker] AndroidManifest.xml:12:13-47
80            <meta-data
80-->[:share_plus] AndroidManifest.xml:13:13-15:68
81                android:name="android.support.FILE_PROVIDER_PATHS"
81-->[:share_plus] AndroidManifest.xml:14:17-67
82                android:resource="@xml/flutter_image_picker_file_paths" />
82-->[:share_plus] AndroidManifest.xml:15:17-65
83        </provider>
84
85        <activity
85-->[:url_launcher_android] AndroidManifest.xml:8:9-11:74
86            android:name="io.flutter.plugins.urllauncher.WebViewActivity"
86-->[:url_launcher_android] AndroidManifest.xml:9:13-74
87            android:exported="false"
87-->[:url_launcher_android] AndroidManifest.xml:10:13-37
88            android:theme="@android:style/Theme.NoTitleBar.Fullscreen" />
88-->[:url_launcher_android] AndroidManifest.xml:11:13-71
89        <activity
89-->[:flutter_inappwebview] AndroidManifest.xml:14:9-17:47
90            android:name="com.pichillilorenzo.flutter_inappwebview.in_app_browser.InAppBrowserActivity"
90-->[:flutter_inappwebview] AndroidManifest.xml:15:13-104
91            android:configChanges="orientation|keyboardHidden|keyboard|screenSize|locale|layoutDirection|fontScale|screenLayout|density"
91-->[:flutter_inappwebview] AndroidManifest.xml:16:13-137
92            android:theme="@style/AppTheme" />
92-->[:flutter_inappwebview] AndroidManifest.xml:17:13-44
93        <activity
93-->[:flutter_inappwebview] AndroidManifest.xml:18:9-20:55
94            android:name="com.pichillilorenzo.flutter_inappwebview.chrome_custom_tabs.ChromeCustomTabsActivity"
94-->[:flutter_inappwebview] AndroidManifest.xml:19:13-112
95            android:theme="@style/ThemeTransparent" />
95-->[:flutter_inappwebview] AndroidManifest.xml:20:13-52
96
97        <receiver android:name="com.pichillilorenzo.flutter_inappwebview.chrome_custom_tabs.ActionBroadcastReceiver" />
97-->[:flutter_inappwebview] AndroidManifest.xml:22:9-120
97-->[:flutter_inappwebview] AndroidManifest.xml:22:19-117
98
99        <meta-data
99-->[:flutter_inappwebview] AndroidManifest.xml:24:9-26:36
100            android:name="io.flutter.embedded_views_preview"
100-->[:flutter_inappwebview] AndroidManifest.xml:25:13-61
101            android:value="true" />
101-->[:flutter_inappwebview] AndroidManifest.xml:26:13-33
102
103        <receiver
103-->[:flutter_local_notifications] AndroidManifest.xml:13:9-15:40
104            android:name="com.dexterous.flutterlocalnotifications.ScheduledNotificationReceiver"
104-->[:flutter_local_notifications] AndroidManifest.xml:14:13-97
105            android:exported="false" />
105-->[:flutter_local_notifications] AndroidManifest.xml:15:13-37
106        <receiver
106-->[:flutter_local_notifications] AndroidManifest.xml:16:9-25:20
107            android:name="com.dexterous.flutterlocalnotifications.ScheduledNotificationBootReceiver"
107-->[:flutter_local_notifications] AndroidManifest.xml:17:13-101
108            android:exported="false" >
108-->[:flutter_local_notifications] AndroidManifest.xml:18:13-37
109            <intent-filter>
109-->[:flutter_local_notifications] AndroidManifest.xml:19:13-24:29
110                <action android:name="android.intent.action.BOOT_COMPLETED" />
110-->[:flutter_local_notifications] AndroidManifest.xml:20:17-79
110-->[:flutter_local_notifications] AndroidManifest.xml:20:25-76
111                <action android:name="android.intent.action.MY_PACKAGE_REPLACED" />
111-->[:flutter_local_notifications] AndroidManifest.xml:21:17-84
111-->[:flutter_local_notifications] AndroidManifest.xml:21:25-81
112                <action android:name="android.intent.action.QUICKBOOT_POWERON" />
112-->[:flutter_local_notifications] AndroidManifest.xml:22:17-82
112-->[:flutter_local_notifications] AndroidManifest.xml:22:25-79
113                <action android:name="com.htc.intent.action.QUICKBOOT_POWERON" />
113-->[:flutter_local_notifications] AndroidManifest.xml:23:17-82
113-->[:flutter_local_notifications] AndroidManifest.xml:23:25-79
114            </intent-filter>
115        </receiver>
116
117        <uses-library
117-->[androidx.window:window:1.0.0-beta04] AndroidManifest.xml:25:9-27:40
118            android:name="androidx.window.extensions"
118-->[androidx.window:window:1.0.0-beta04] AndroidManifest.xml:26:13-54
119            android:required="false" />
119-->[androidx.window:window:1.0.0-beta04] AndroidManifest.xml:27:13-37
120        <uses-library
120-->[androidx.window:window:1.0.0-beta04] AndroidManifest.xml:28:9-30:40
121            android:name="androidx.window.sidecar"
121-->[androidx.window:window:1.0.0-beta04] AndroidManifest.xml:29:13-51
122            android:required="false" />
122-->[androidx.window:window:1.0.0-beta04] AndroidManifest.xml:30:13-37
123    </application>
124
125</manifest>